<?xml version="1.0" encoding="UTF-8"?>
<!-- Generated by org.testng.reporters.JUnitXMLReporter -->
<testsuite hostname="KT-PCLAP-004" ignored="0" name="HR-ONBOARDING" tests="2" failures="0" timestamp="28 Jun 2018 11:04:30 GMT" time="67.564" errors="0">
  <testcase name="addHRByClient" time="15.633" classname="com.HrOnBoarding.QA.TestCases.AddRoleByClientTest"/>
  <testcase name="addPayRollByClient" time="14.674" classname="com.HrOnBoarding.QA.TestCases.AddRoleByClientTest"/>
</testsuite> <!-- HR-ONBOARDING -->
