<?xml version="1.0" encoding="UTF-8"?>
<!-- Generated by org.testng.reporters.JUnitXMLReporter -->
<testsuite hostname="KT-PCLAP-004" ignored="1" name="TakeAClassTest" tests="1" failures="0" timestamp="13 Jun 2018 07:56:33 GMT" time="34.897" errors="0">
  <testcase name="userLoginTest" time="12.174" classname="com.TakeAClass.TestCases.LoginPageTest"/>
  <testcase name="loginPageTiteTest" time="0.0" classname="com.TakeAClass.TestCases.LoginPageTest">
    <ignored/>
  </testcase> <!-- loginPageTiteTest -->
</testsuite> <!-- TakeAClassTest -->
