<?xml version="1.0" encoding="UTF-8"?>
<!-- Generated by org.testng.reporters.JUnitXMLReporter -->
<testsuite hostname="KT-PCLAP-004" ignored="1" name="TakeAClassTest" tests="1" failures="0" timestamp="12 Jun 2018 11:55:01 GMT" time="25.192" errors="0">
  <testcase name="userLoginTest" time="7.906" classname="com.TakeAClass.TestCases.LoginPageTest"/>
  <testcase name="loginPageTiteTest" time="0.0" classname="com.TakeAClass.TestCases.LoginPageTest">
    <ignored/>
  </testcase> <!-- loginPageTiteTest -->
</testsuite> <!-- TakeAClassTest -->
