<?xml version="1.0" encoding="UTF-8"?>
<!-- Generated by org.testng.reporters.JUnitXMLReporter -->
<testsuite hostname="KT-PCLAP-004" ignored="1" name="Default test" tests="1" failures="0" timestamp="07 Jun 2018 07:40:31 GMT" time="58.731" errors="0">
  <testcase name="userLoginTest" time="34.635" classname="com.TakeAClass.TestCases.LoginPageTest"/>
  <testcase name="loginPageTiteTest" time="0.0" classname="com.TakeAClass.TestCases.LoginPageTest">
    <ignored/>
  </testcase> <!-- loginPageTiteTest -->
</testsuite> <!-- Default test -->
